# JRE version: OpenJDK Runtime Environment Microsoft-8035246 (17.0.8+7) (build 17.0.8+7-LTS)
# Java VM: OpenJDK 64-Bit Server VM Microsoft-8035246 (17.0.8+7-LTS, mixed mode, sharing, tiered, compressed oops, compressed class ptrs, g1 gc, windows-amd64)
GC Precious Log:
 CPUs: 4 total, 4 available
 Memory: 7392M
 Large Page Support: Disabled
 NUMA Support: Disabled
 Compressed Oops: Enabled (32-bit)
 Heap Region Size: 1M
 Heap Min Capacity: 8M
 Heap Initial Capacity: 116M
 Heap Max Capacity: 2G
 Pre-touch: Disabled
 Parallel Workers: 4
 Concurrent Workers: 1
 Concurrent Refinement Workers: 4
 Periodic GC: Disabled
Heap:
 garbage-first heap   total 242688K, used 196272K [0x0000000080000000, 0x0000000100000000)
  region size 1024K, 21 young (21504K), 2 survivors (2048K)
 Metaspace       used 104784K, committed 105920K, reserved 557056K
  class space    used 14506K, committed 15040K, reserved 425984K
GC Heap History (20 events):
Event: 198.487 GC heap before
{Heap before GC invocations=74 (full 0):
 garbage-first heap   total 201728K, used 174748K [0x0000000080000000, 0x0000000100000000)
  region size 1024K, 13 young (13312K), 2 survivors (2048K)
 Metaspace       used 103123K, committed 104192K, reserved 557056K
  class space    used 14325K, committed 14848K, reserved 425984K
}
Event: 198.504 GC heap after
{Heap after GC invocations=75 (full 0):
 garbage-first heap   total 201728K, used 164359K [0x0000000080000000, 0x0000000100000000)
  region size 1024K, 2 young (2048K), 2 survivors (2048K)
 Metaspace       used 103123K, committed 104192K, reserved 557056K
  class space    used 14325K, committed 14848K, reserved 425984K
}
Event: 199.443 GC heap before
{Heap before GC invocations=75 (full 0):
 garbage-first heap   total 201728K, used 175623K [0x0000000080000000, 0x0000000100000000)
  region size 1024K, 13 young (13312K), 2 survivors (2048K)
 Metaspace       used 103178K, committed 104256K, reserved 557056K
  class space    used 14325K, committed 14848K, reserved 425984K
}
Event: 199.452 GC heap after
{Heap after GC invocations=76 (full 0):
 garbage-first heap   total 201728K, used 165425K [0x0000000080000000, 0x0000000100000000)
  region size 1024K, 2 young (2048K), 2 survivors (2048K)
 Metaspace       used 103178K, committed 104256K, reserved 557056K
  class space    used 14325K, committed 14848K, reserved 425984K
}
Event: 200.286 GC heap before
{Heap before GC invocations=76 (full 0):
 garbage-first heap   total 201728K, used 175665K [0x0000000080000000, 0x0000000100000000)
  region size 1024K, 12 young (12288K), 2 survivors (2048K)
 Metaspace       used 103236K, committed 104320K, reserved 557056K
  class space    used 14326K, committed 14848K, reserved 425984K
}
Event: 200.298 GC heap after
{Heap after GC invocations=77 (full 0):
 garbage-first heap   total 201728K, used 166497K [0x0000000080000000, 0x0000000100000000)
  region size 1024K, 2 young (2048K), 2 survivors (2048K)
 Metaspace       used 103236K, committed 104320K, reserved 557056K
  class space    used 14326K, committed 14848K, reserved 425984K
}
Event: 201.231 GC heap before
{Heap before GC invocations=77 (full 0):
 garbage-first heap   total 201728K, used 176737K [0x0000000080000000, 0x0000000100000000)
  region size 1024K, 12 young (12288K), 2 survivors (2048K)
 Metaspace       used 103377K, committed 104512K, reserved 557056K
  class space    used 14345K, committed 14912K, reserved 425984K
}
Event: 201.241 GC heap after
{Heap after GC invocations=78 (full 0):
 garbage-first heap   total 201728K, used 168250K [0x0000000080000000, 0x0000000100000000)
  region size 1024K, 2 young (2048K), 2 survivors (2048K)
 Metaspace       used 103377K, committed 104512K, reserved 557056K
  class space    used 14345K, committed 14912K, reserved 425984K
}
Event: 201.950 GC heap before
{Heap before GC invocations=78 (full 0):
 garbage-first heap   total 201728K, used 176442K [0x0000000080000000, 0x0000000100000000)
  region size 1024K, 10 young (10240K), 2 survivors (2048K)
 Metaspace       used 103530K, committed 104640K, reserved 557056K
  class space    used 14364K, committed 14912K, reserved 425984K
}
Event: 201.961 GC heap after
{Heap after GC invocations=79 (full 0):
 garbage-first heap   total 201728K, used 168998K [0x0000000080000000, 0x0000000100000000)
  region size 1024K, 1 young (1024K), 1 survivors (1024K)
 Metaspace       used 103530K, committed 104640K, reserved 557056K
  class space    used 14364K, committed 14912K, reserved 425984K
}
Event: 202.537 GC heap before
{Heap before GC invocations=79 (full 0):
 garbage-first heap   total 201728K, used 177190K [0x0000000080000000, 0x0000000100000000)
  region size 1024K, 9 young (9216K), 1 survivors (1024K)
 Metaspace       used 103636K, committed 104704K, reserved 557056K
  class space    used 14375K, committed 14912K, reserved 425984K
}
Event: 202.547 GC heap after
{Heap after GC invocations=80 (full 0):
 garbage-first heap   total 201728K, used 169927K [0x0000000080000000, 0x0000000100000000)
  region size 1024K, 2 young (2048K), 2 survivors (2048K)
 Metaspace       used 103636K, committed 104704K, reserved 557056K
  class space    used 14375K, committed 14912K, reserved 425984K
}
Event: 203.363 GC heap before
{Heap before GC invocations=80 (full 0):
 garbage-first heap   total 201728K, used 177095K [0x0000000080000000, 0x0000000100000000)
  region size 1024K, 9 young (9216K), 2 survivors (2048K)
 Metaspace       used 103947K, committed 105024K, reserved 557056K
  class space    used 14422K, committed 14976K, reserved 425984K
}
Event: 203.380 GC heap after
{Heap after GC invocations=81 (full 0):
 garbage-first heap   total 242688K, used 170879K [0x0000000080000000, 0x0000000100000000)
  region size 1024K, 2 young (2048K), 2 survivors (2048K)
 Metaspace       used 103947K, committed 105024K, reserved 557056K
  class space    used 14422K, committed 14976K, reserved 425984K
}
Event: 206.485 GC heap before
{Heap before GC invocations=81 (full 0):
 garbage-first heap   total 242688K, used 202623K [0x0000000080000000, 0x0000000100000000)
  region size 1024K, 34 young (34816K), 2 survivors (2048K)
 Metaspace       used 104376K, committed 105472K, reserved 557056K
  class space    used 14457K, committed 15040K, reserved 425984K
}
Event: 206.497 GC heap after
{Heap after GC invocations=82 (full 0):
 garbage-first heap   total 242688K, used 172303K [0x0000000080000000, 0x0000000100000000)
  region size 1024K, 4 young (4096K), 4 survivors (4096K)
 Metaspace       used 104376K, committed 105472K, reserved 557056K
  class space    used 14457K, committed 15040K, reserved 425984K
}
Event: 209.265 GC heap before
{Heap before GC invocations=82 (full 0):
 garbage-first heap   total 242688K, used 204047K [0x0000000080000000, 0x0000000100000000)
  region size 1024K, 36 young (36864K), 4 survivors (4096K)
 Metaspace       used 104701K, committed 105792K, reserved 557056K
  class space    used 14506K, committed 15040K, reserved 425984K
}
Event: 209.287 GC heap after
{Heap after GC invocations=83 (full 0):
 garbage-first heap   total 242688K, used 175820K [0x0000000080000000, 0x0000000100000000)
  region size 1024K, 5 young (5120K), 5 survivors (5120K)
 Metaspace       used 104701K, committed 105792K, reserved 557056K
  class space    used 14506K, committed 15040K, reserved 425984K
}
Event: 211.212 GC heap before
{Heap before GC invocations=83 (full 0):
 garbage-first heap   total 242688K, used 205516K [0x0000000080000000, 0x0000000100000000)
  region size 1024K, 35 young (35840K), 5 survivors (5120K)
 Metaspace       used 104784K, committed 105920K, reserved 557056K
  class space    used 14506K, committed 15040K, reserved 425984K
}
Event: 211.234 GC heap after
{Heap after GC invocations=84 (full 0):
 garbage-first heap   total 242688K, used 177840K [0x0000000080000000, 0x0000000100000000)
  region size 1024K, 2 young (2048K), 2 survivors (2048K)
 Metaspace       used 104784K, committed 105920K, reserved 557056K
  class space    used 14506K, committed 15040K, reserved 425984K
}

