# JRE version: OpenJDK Runtime Environment Microsoft-8035246 (17.0.8+7) (build 17.0.8+7-LTS)
# Java VM: OpenJDK 64-Bit Server VM Microsoft-8035246 (17.0.8+7-LTS, mixed mode, sharing, tiered, compressed oops, compressed class ptrs, g1 gc, windows-amd64)
GC Precious Log:
 CPUs: 4 total, 4 available
 Memory: 7392M
 Large Page Support: Disabled
 NUMA Support: Disabled
 Compressed Oops: Enabled (32-bit)
 Heap Region Size: 1M
 Heap Min Capacity: 8M
 Heap Initial Capacity: 116M
 Heap Max Capacity: 2G
 Pre-touch: Disabled
 Parallel Workers: 4
 Concurrent Workers: 1
 Concurrent Refinement Workers: 4
 Periodic GC: Disabled
Heap:
 garbage-first heap   total 267264K, used 186407K [0x0000000080000000, 0x0000000100000000)
  region size 1024K, 17 young (17408K), 4 survivors (4096K)
 Metaspace       used 98868K, committed 99904K, reserved 557056K
  class space    used 13816K, committed 14336K, reserved 425984K
GC Heap History (20 events):
Event: 35.240 GC heap before
{Heap before GC invocations=45 (full 0):
 garbage-first heap   total 152576K, used 118554K [0x0000000080000000, 0x0000000100000000)
  region size 1024K, 33 young (33792K), 1 survivors (1024K)
 Metaspace       used 76549K, committed 77312K, reserved 557056K
  class space    used 10636K, committed 11008K, reserved 425984K
}
Event: 35.248 GC heap after
{Heap after GC invocations=46 (full 0):
 garbage-first heap   total 267264K, used 87055K [0x0000000080000000, 0x0000000100000000)
  region size 1024K, 2 young (2048K), 2 survivors (2048K)
 Metaspace       used 76549K, committed 77312K, reserved 557056K
  class space    used 10636K, committed 11008K, reserved 425984K
}
Event: 43.625 GC heap before
{Heap before GC invocations=46 (full 0):
 garbage-first heap   total 267264K, used 191503K [0x0000000080000000, 0x0000000100000000)
  region size 1024K, 103 young (105472K), 2 survivors (2048K)
 Metaspace       used 80596K, committed 81344K, reserved 557056K
  class space    used 11228K, committed 11584K, reserved 425984K
}
Event: 43.640 GC heap after
{Heap after GC invocations=47 (full 0):
 garbage-first heap   total 267264K, used 93160K [0x0000000080000000, 0x0000000100000000)
  region size 1024K, 8 young (8192K), 8 survivors (8192K)
 Metaspace       used 80596K, committed 81344K, reserved 557056K
  class space    used 11228K, committed 11584K, reserved 425984K
}
Event: 45.863 GC heap before
{Heap before GC invocations=47 (full 0):
 garbage-first heap   total 267264K, used 198632K [0x0000000080000000, 0x0000000100000000)
  region size 1024K, 111 young (113664K), 8 survivors (8192K)
 Metaspace       used 86345K, committed 87168K, reserved 557056K
  class space    used 12166K, committed 12544K, reserved 425984K
}
Event: 45.894 GC heap after
{Heap after GC invocations=48 (full 0):
 garbage-first heap   total 267264K, used 100601K [0x0000000080000000, 0x0000000100000000)
  region size 1024K, 14 young (14336K), 14 survivors (14336K)
 Metaspace       used 86345K, committed 87168K, reserved 557056K
  class space    used 12166K, committed 12544K, reserved 425984K
}
Event: 49.748 GC heap before
{Heap before GC invocations=48 (full 0):
 garbage-first heap   total 267264K, used 212217K [0x0000000080000000, 0x0000000100000000)
  region size 1024K, 117 young (119808K), 14 survivors (14336K)
 Metaspace       used 88889K, committed 89728K, reserved 557056K
  class space    used 12530K, committed 12928K, reserved 425984K
}
Event: 49.807 GC heap after
{Heap after GC invocations=49 (full 0):
 garbage-first heap   total 267264K, used 127755K [0x0000000080000000, 0x0000000100000000)
  region size 1024K, 15 young (15360K), 15 survivors (15360K)
 Metaspace       used 88889K, committed 89728K, reserved 557056K
  class space    used 12530K, committed 12928K, reserved 425984K
}
Event: 52.103 GC heap before
{Heap before GC invocations=49 (full 0):
 garbage-first heap   total 267264K, used 207627K [0x0000000080000000, 0x0000000100000000)
  region size 1024K, 91 young (93184K), 15 survivors (15360K)
 Metaspace       used 90300K, committed 91264K, reserved 557056K
  class space    used 12694K, committed 13120K, reserved 425984K
}
Event: 52.144 GC heap after
{Heap after GC invocations=50 (full 0):
 garbage-first heap   total 267264K, used 146944K [0x0000000080000000, 0x0000000100000000)
  region size 1024K, 12 young (12288K), 12 survivors (12288K)
 Metaspace       used 90300K, committed 91264K, reserved 557056K
  class space    used 12694K, committed 13120K, reserved 425984K
}
Event: 53.790 GC heap before
{Heap before GC invocations=50 (full 0):
 garbage-first heap   total 267264K, used 209408K [0x0000000080000000, 0x0000000100000000)
  region size 1024K, 73 young (74752K), 12 survivors (12288K)
 Metaspace       used 95476K, committed 96448K, reserved 557056K
  class space    used 13415K, committed 13888K, reserved 425984K
}
Event: 53.818 GC heap after
{Heap after GC invocations=51 (full 0):
 garbage-first heap   total 267264K, used 152575K [0x0000000080000000, 0x0000000100000000)
  region size 1024K, 5 young (5120K), 5 survivors (5120K)
 Metaspace       used 95476K, committed 96448K, reserved 557056K
  class space    used 13415K, committed 13888K, reserved 425984K
}
Event: 55.411 GC heap before
{Heap before GC invocations=51 (full 0):
 garbage-first heap   total 267264K, used 212991K [0x0000000080000000, 0x0000000100000000)
  region size 1024K, 64 young (65536K), 5 survivors (5120K)
 Metaspace       used 97120K, committed 98112K, reserved 557056K
  class space    used 13619K, committed 14080K, reserved 425984K
}
Event: 55.441 GC heap after
{Heap after GC invocations=52 (full 0):
 garbage-first heap   total 267264K, used 159232K [0x0000000080000000, 0x0000000100000000)
  region size 1024K, 8 young (8192K), 8 survivors (8192K)
 Metaspace       used 97120K, committed 98112K, reserved 557056K
  class space    used 13619K, committed 14080K, reserved 425984K
}
Event: 56.982 GC heap before
{Heap before GC invocations=52 (full 0):
 garbage-first heap   total 267264K, used 215552K [0x0000000080000000, 0x0000000100000000)
  region size 1024K, 64 young (65536K), 8 survivors (8192K)
 Metaspace       used 98162K, committed 99200K, reserved 557056K
  class space    used 13756K, committed 14272K, reserved 425984K
}
Event: 57.031 GC heap after
{Heap after GC invocations=53 (full 0):
 garbage-first heap   total 267264K, used 166743K [0x0000000080000000, 0x0000000100000000)
  region size 1024K, 7 young (7168K), 7 survivors (7168K)
 Metaspace       used 98162K, committed 99200K, reserved 557056K
  class space    used 13756K, committed 14272K, reserved 425984K
}
Event: 58.713 GC heap before
{Heap before GC invocations=53 (full 0):
 garbage-first heap   total 267264K, used 217943K [0x0000000080000000, 0x0000000100000000)
  region size 1024K, 58 young (59392K), 7 survivors (7168K)
 Metaspace       used 98773K, committed 99840K, reserved 557056K
  class space    used 13815K, committed 14336K, reserved 425984K
}
Event: 58.745 GC heap after
{Heap after GC invocations=54 (full 0):
 garbage-first heap   total 267264K, used 170656K [0x0000000080000000, 0x0000000100000000)
  region size 1024K, 5 young (5120K), 5 survivors (5120K)
 Metaspace       used 98773K, committed 99840K, reserved 557056K
  class space    used 13815K, committed 14336K, reserved 425984K
}
Event: 60.567 GC heap before
{Heap before GC invocations=54 (full 0):
 garbage-first heap   total 267264K, used 219808K [0x0000000080000000, 0x0000000100000000)
  region size 1024K, 54 young (55296K), 5 survivors (5120K)
 Metaspace       used 98864K, committed 99904K, reserved 557056K
  class space    used 13816K, committed 14336K, reserved 425984K
}
Event: 60.583 GC heap after
{Heap after GC invocations=55 (full 0):
 garbage-first heap   total 267264K, used 174119K [0x0000000080000000, 0x0000000100000000)
  region size 1024K, 4 young (4096K), 4 survivors (4096K)
 Metaspace       used 98864K, committed 99904K, reserved 557056K
  class space    used 13816K, committed 14336K, reserved 425984K
}

