# JRE version: OpenJDK Runtime Environment Microsoft-8035246 (17.0.8+7) (build 17.0.8+7-LTS)
# Java VM: OpenJDK 64-Bit Server VM Microsoft-8035246 (17.0.8+7-LTS, mixed mode, sharing, tiered, compressed oops, compressed class ptrs, g1 gc, windows-amd64)
GC Precious Log:
 CPUs: 4 total, 4 available
 Memory: 7392M
 Large Page Support: Disabled
 NUMA Support: Disabled
 Compressed Oops: Enabled (32-bit)
 Heap Region Size: 1M
 Heap Min Capacity: 8M
 Heap Initial Capacity: 116M
 Heap Max Capacity: 2G
 Pre-touch: Disabled
 Parallel Workers: 4
 Concurrent Workers: 1
 Concurrent Refinement Workers: 4
 Periodic GC: Disabled
Heap:
 garbage-first heap   total 348160K, used 226784K [0x0000000080000000, 0x0000000100000000)
  region size 1024K, 72 young (73728K), 6 survivors (6144K)
 Metaspace       used 98273K, committed 99328K, reserved 557056K
  class space    used 13722K, committed 14208K, reserved 425984K
GC Heap History (20 events):
Event: 75.626 GC heap before
{Heap before GC invocations=49 (full 0):
 garbage-first heap   total 179200K, used 148854K [0x0000000080000000, 0x0000000100000000)
  region size 1024K, 54 young (55296K), 7 survivors (7168K)
 Metaspace       used 87653K, committed 88576K, reserved 557056K
  class space    used 12383K, committed 12800K, reserved 425984K
}
Event: 75.659 GC heap after
{Heap after GC invocations=50 (full 0):
 garbage-first heap   total 179200K, used 113524K [0x0000000080000000, 0x0000000100000000)
  region size 1024K, 7 young (7168K), 7 survivors (7168K)
 Metaspace       used 87653K, committed 88576K, reserved 557056K
  class space    used 12383K, committed 12800K, reserved 425984K
}
Event: 75.743 GC heap before
{Heap before GC invocations=50 (full 0):
 garbage-first heap   total 179200K, used 114548K [0x0000000080000000, 0x0000000100000000)
  region size 1024K, 8 young (8192K), 7 survivors (7168K)
 Metaspace       used 87664K, committed 88576K, reserved 557056K
  class space    used 12383K, committed 12800K, reserved 425984K
}
Event: 75.754 GC heap after
{Heap after GC invocations=51 (full 0):
 garbage-first heap   total 215040K, used 115402K [0x0000000080000000, 0x0000000100000000)
  region size 1024K, 1 young (1024K), 1 survivors (1024K)
 Metaspace       used 87664K, committed 88576K, reserved 557056K
  class space    used 12383K, committed 12800K, reserved 425984K
}
Event: 78.830 GC heap before
{Heap before GC invocations=51 (full 0):
 garbage-first heap   total 215040K, used 171722K [0x0000000080000000, 0x0000000100000000)
  region size 1024K, 52 young (53248K), 1 survivors (1024K)
 Metaspace       used 88239K, committed 89152K, reserved 557056K
  class space    used 12441K, committed 12864K, reserved 425984K
}
Event: 78.853 GC heap after
{Heap after GC invocations=52 (full 0):
 garbage-first heap   total 215040K, used 131072K [0x0000000080000000, 0x0000000100000000)
  region size 1024K, 7 young (7168K), 7 survivors (7168K)
 Metaspace       used 88239K, committed 89152K, reserved 557056K
  class space    used 12441K, committed 12864K, reserved 425984K
}
Event: 80.533 GC heap before
{Heap before GC invocations=52 (full 0):
 garbage-first heap   total 215040K, used 172032K [0x0000000080000000, 0x0000000100000000)
  region size 1024K, 47 young (48128K), 7 survivors (7168K)
 Metaspace       used 90115K, committed 91072K, reserved 557056K
  class space    used 12689K, committed 13120K, reserved 425984K
}
Event: 80.559 GC heap after
{Heap after GC invocations=53 (full 0):
 garbage-first heap   total 215040K, used 136301K [0x0000000080000000, 0x0000000100000000)
  region size 1024K, 5 young (5120K), 5 survivors (5120K)
 Metaspace       used 90115K, committed 91072K, reserved 557056K
  class space    used 12689K, committed 13120K, reserved 425984K
}
Event: 81.819 GC heap before
{Heap before GC invocations=53 (full 0):
 garbage-first heap   total 215040K, used 174189K [0x0000000080000000, 0x0000000100000000)
  region size 1024K, 42 young (43008K), 5 survivors (5120K)
 Metaspace       used 94104K, committed 95104K, reserved 557056K
  class space    used 13241K, committed 13696K, reserved 425984K
}
Event: 81.834 GC heap after
{Heap after GC invocations=54 (full 0):
 garbage-first heap   total 215040K, used 138578K [0x0000000080000000, 0x0000000100000000)
  region size 1024K, 2 young (2048K), 2 survivors (2048K)
 Metaspace       used 94104K, committed 95104K, reserved 557056K
  class space    used 13241K, committed 13696K, reserved 425984K
}
Event: 83.476 GC heap before
{Heap before GC invocations=55 (full 0):
 garbage-first heap   total 245760K, used 175442K [0x0000000080000000, 0x0000000100000000)
  region size 1024K, 38 young (38912K), 2 survivors (2048K)
 Metaspace       used 95683K, committed 96640K, reserved 557056K
  class space    used 13442K, committed 13888K, reserved 425984K
}
Event: 83.496 GC heap after
{Heap after GC invocations=56 (full 0):
 garbage-first heap   total 245760K, used 141714K [0x0000000080000000, 0x0000000100000000)
  region size 1024K, 5 young (5120K), 5 survivors (5120K)
 Metaspace       used 95683K, committed 96640K, reserved 557056K
  class space    used 13442K, committed 13888K, reserved 425984K
}
Event: 84.106 GC heap before
{Heap before GC invocations=56 (full 0):
 garbage-first heap   total 245760K, used 148882K [0x0000000080000000, 0x0000000100000000)
  region size 1024K, 12 young (12288K), 5 survivors (5120K)
 Metaspace       used 95904K, committed 96896K, reserved 557056K
  class space    used 13466K, committed 13952K, reserved 425984K
}
Event: 84.126 GC heap after
{Heap after GC invocations=57 (full 0):
 garbage-first heap   total 245760K, used 141357K [0x0000000080000000, 0x0000000100000000)
  region size 1024K, 2 young (2048K), 2 survivors (2048K)
 Metaspace       used 95904K, committed 96896K, reserved 557056K
  class space    used 13466K, committed 13952K, reserved 425984K
}
Event: 85.836 GC heap before
{Heap before GC invocations=57 (full 0):
 garbage-first heap   total 245760K, used 196653K [0x0000000080000000, 0x0000000100000000)
  region size 1024K, 56 young (57344K), 2 survivors (2048K)
 Metaspace       used 96911K, committed 97920K, reserved 557056K
  class space    used 13571K, committed 14016K, reserved 425984K
}
Event: 85.854 GC heap after
{Heap after GC invocations=58 (full 0):
 garbage-first heap   total 245760K, used 146683K [0x0000000080000000, 0x0000000100000000)
  region size 1024K, 7 young (7168K), 7 survivors (7168K)
 Metaspace       used 96911K, committed 97920K, reserved 557056K
  class space    used 13571K, committed 14016K, reserved 425984K
}
Event: 87.568 GC heap before
{Heap before GC invocations=58 (full 0):
 garbage-first heap   total 245760K, used 198907K [0x0000000080000000, 0x0000000100000000)
  region size 1024K, 59 young (60416K), 7 survivors (7168K)
 Metaspace       used 97808K, committed 98816K, reserved 557056K
  class space    used 13672K, committed 14144K, reserved 425984K
}
Event: 87.640 GC heap after
{Heap after GC invocations=59 (full 0):
 garbage-first heap   total 245760K, used 150714K [0x0000000080000000, 0x0000000100000000)
  region size 1024K, 4 young (4096K), 4 survivors (4096K)
 Metaspace       used 97808K, committed 98816K, reserved 557056K
  class space    used 13672K, committed 14144K, reserved 425984K
}
Event: 89.052 GC heap before
{Heap before GC invocations=59 (full 0):
 garbage-first heap   total 245760K, used 201914K [0x0000000080000000, 0x0000000100000000)
  region size 1024K, 55 young (56320K), 4 survivors (4096K)
 Metaspace       used 98189K, committed 99264K, reserved 557056K
  class space    used 13720K, committed 14208K, reserved 425984K
}
Event: 89.074 GC heap after
{Heap after GC invocations=60 (full 0):
 garbage-first heap   total 348160K, used 156128K [0x0000000080000000, 0x0000000100000000)
  region size 1024K, 6 young (6144K), 6 survivors (6144K)
 Metaspace       used 98189K, committed 99264K, reserved 557056K
  class space    used 13720K, committed 14208K, reserved 425984K
}

